2023-02-06,14:19:45.180 INFO {ingest} [main] Processing files from C:\Users\bryni\projects\corteva-code-challenge\src\weather\scripts\input
2023-02-06,14:19:45.242 INFO {ingest} [load_file] Loading file C:\Users\bryni\projects\corteva-code-challenge\src\weather\scripts\input/USC00110072.txt
2023-02-06,14:19:45.660 INFO {ingest} [load_file] Loading file C:\Users\bryni\projects\corteva-code-challenge\src\weather\scripts\input/USC00110187.txt
2023-02-06,14:19:46.054 INFO {ingest} [load_file] Loading file C:\Users\bryni\projects\corteva-code-challenge\src\weather\scripts\input/USC00110338.txt
2023-02-06,14:19:46.415 INFO {ingest} [load_file] Loading file C:\Users\bryni\projects\corteva-code-challenge\src\weather\scripts\input/USC00111280.txt
2023-02-06,14:19:46.746 INFO {ingest} [load_file] Loading file C:\Users\bryni\projects\corteva-code-challenge\src\weather\scripts\input/USC00111436.txt
2023-02-06,14:19:47.345 INFO {ingest} [load_file] Loading file C:\Users\bryni\projects\corteva-code-challenge\src\weather\scripts\input/USC00112140.txt
2023-02-06,14:19:47.742 INFO {ingest} [load_file] Loading file C:\Users\bryni\projects\corteva-code-challenge\src\weather\scripts\input/USC00112193.txt
2023-02-06,14:19:48.134 INFO {ingest} [load_file] Loading file C:\Users\bryni\projects\corteva-code-challenge\src\weather\scripts\input/USC00112348.txt
2023-02-06,14:19:48.531 INFO {ingest} [load_file] Loading file C:\Users\bryni\projects\corteva-code-challenge\src\weather\scripts\input/USC00112483.txt
2023-02-06,14:19:48.900 INFO {ingest} [load_file] Loading file C:\Users\bryni\projects\corteva-code-challenge\src\weather\scripts\input/USC00113335.txt
2023-02-06,14:19:49.616 INFO {ingest} [load_file] Loading file C:\Users\bryni\projects\corteva-code-challenge\src\weather\scripts\input/USC00113879.txt
2023-02-06,14:19:50.323 INFO {ingest} [load_file] Loading file C:\Users\bryni\projects\corteva-code-challenge\src\weather\scripts\input/USC00114108.txt
2023-02-06,14:19:51.210 INFO {ingest} [load_file] Loading file C:\Users\bryni\projects\corteva-code-challenge\src\weather\scripts\input/USC00114198.txt
2023-02-06,14:19:52.015 INFO {ingest} [load_file] Loading file C:\Users\bryni\projects\corteva-code-challenge\src\weather\scripts\input/USC00114442.txt
2023-02-06,14:19:52.691 INFO {ingest} [load_file] Loading file C:\Users\bryni\projects\corteva-code-challenge\src\weather\scripts\input/USC00114823.txt
2023-02-06,14:19:53.145 INFO {ingest} [load_file] Loading file C:\Users\bryni\projects\corteva-code-challenge\src\weather\scripts\input/USC00115079.txt
2023-02-06,14:19:53.578 INFO {ingest} [load_file] Loading file C:\Users\bryni\projects\corteva-code-challenge\src\weather\scripts\input/USC00115326.txt
2023-02-06,14:19:54.053 INFO {ingest} [load_file] Loading file C:\Users\bryni\projects\corteva-code-challenge\src\weather\scripts\input/USC00115515.txt
2023-02-06,14:19:54.440 INFO {ingest} [load_file] Loading file C:\Users\bryni\projects\corteva-code-challenge\src\weather\scripts\input/USC00115712.txt
2023-02-06,14:19:55.551 INFO {ingest} [load_file] Loading file C:\Users\bryni\projects\corteva-code-challenge\src\weather\scripts\input/USC00115768.txt
2023-02-06,14:19:56.288 INFO {ingest} [load_file] Loading file C:\Users\bryni\projects\corteva-code-challenge\src\weather\scripts\input/USC00115833.txt
2023-02-06,14:19:57.170 INFO {ingest} [load_file] Loading file C:\Users\bryni\projects\corteva-code-challenge\src\weather\scripts\input/USC00115901.txt
2023-02-06,14:19:57.910 INFO {ingest} [load_file] Loading file C:\Users\bryni\projects\corteva-code-challenge\src\weather\scripts\input/USC00115943.txt
2023-02-06,14:19:58.339 INFO {ingest} [load_file] Loading file C:\Users\bryni\projects\corteva-code-challenge\src\weather\scripts\input/USC00116446.txt
2023-02-06,14:19:58.913 INFO {ingest} [load_file] Loading file C:\Users\bryni\projects\corteva-code-challenge\src\weather\scripts\input/USC00116526.txt
2023-02-06,14:19:59.353 INFO {ingest} [load_file] Loading file C:\Users\bryni\projects\corteva-code-challenge\src\weather\scripts\input/USC00116558.txt
2023-02-06,14:19:59.741 INFO {ingest} [load_file] Loading file C:\Users\bryni\projects\corteva-code-challenge\src\weather\scripts\input/USC00116579.txt
2023-02-06,14:20:00.147 INFO {ingest} [load_file] Loading file C:\Users\bryni\projects\corteva-code-challenge\src\weather\scripts\input/USC00116610.txt
2023-02-06,14:20:00.557 INFO {ingest} [load_file] Loading file C:\Users\bryni\projects\corteva-code-challenge\src\weather\scripts\input/USC00116738.txt
2023-02-06,14:20:00.989 INFO {ingest} [load_file] Loading file C:\Users\bryni\projects\corteva-code-challenge\src\weather\scripts\input/USC00116910.txt
2023-02-06,14:20:01.394 INFO {ingest} [load_file] Loading file C:\Users\bryni\projects\corteva-code-challenge\src\weather\scripts\input/USC00117551.txt
2023-02-06,14:20:01.775 INFO {ingest} [load_file] Loading file C:\Users\bryni\projects\corteva-code-challenge\src\weather\scripts\input/USC00118147.txt
2023-02-06,14:20:02.353 INFO {ingest} [load_file] Loading file C:\Users\bryni\projects\corteva-code-challenge\src\weather\scripts\input/USC00118740.txt
2023-02-06,14:20:02.971 INFO {ingest} [load_file] Loading file C:\Users\bryni\projects\corteva-code-challenge\src\weather\scripts\input/USC00118916.txt
2023-02-06,14:20:03.448 INFO {ingest} [load_file] Loading file C:\Users\bryni\projects\corteva-code-challenge\src\weather\scripts\input/USC00119241.txt
2023-02-06,14:20:03.822 INFO {ingest} [load_file] Loading file C:\Users\bryni\projects\corteva-code-challenge\src\weather\scripts\input/USC00119354.txt
2023-02-06,14:20:04.224 INFO {ingest} [load_file] Loading file C:\Users\bryni\projects\corteva-code-challenge\src\weather\scripts\input/USC00120177.txt
2023-02-06,14:20:04.575 INFO {ingest} [load_file] Loading file C:\Users\bryni\projects\corteva-code-challenge\src\weather\scripts\input/USC00120200.txt
2023-02-06,14:20:05.026 INFO {ingest} [load_file] Loading file C:\Users\bryni\projects\corteva-code-challenge\src\weather\scripts\input/USC00120676.txt
2023-02-06,14:20:05.446 INFO {ingest} [load_file] Loading file C:\Users\bryni\projects\corteva-code-challenge\src\weather\scripts\input/USC00120784.txt
2023-02-06,14:20:05.961 INFO {ingest} [load_file] Loading file C:\Users\bryni\projects\corteva-code-challenge\src\weather\scripts\input/USC00121030.txt
2023-02-06,14:20:06.343 INFO {ingest} [load_file] Loading file C:\Users\bryni\projects\corteva-code-challenge\src\weather\scripts\input/USC00121229.txt
2023-02-06,14:20:06.717 INFO {ingest} [load_file] Loading file C:\Users\bryni\projects\corteva-code-challenge\src\weather\scripts\input/USC00121425.txt
2023-02-06,14:20:07.113 INFO {ingest} [load_file] Loading file C:\Users\bryni\projects\corteva-code-challenge\src\weather\scripts\input/USC00121747.txt
2023-02-06,14:20:07.589 INFO {ingest} [load_file] Loading file C:\Users\bryni\projects\corteva-code-challenge\src\weather\scripts\input/USC00121873.txt
2023-02-06,14:20:08.083 INFO {ingest} [load_file] Loading file C:\Users\bryni\projects\corteva-code-challenge\src\weather\scripts\input/USC00122149.txt
2023-02-06,14:20:08.454 INFO {ingest} [load_file] Loading file C:\Users\bryni\projects\corteva-code-challenge\src\weather\scripts\input/USC00123418.txt
2023-02-06,14:20:08.921 INFO {ingest} [load_file] Loading file C:\Users\bryni\projects\corteva-code-challenge\src\weather\scripts\input/USC00123513.txt
2023-02-06,14:20:09.361 INFO {ingest} [load_file] Loading file C:\Users\bryni\projects\corteva-code-challenge\src\weather\scripts\input/USC00123527.txt
2023-02-06,14:20:09.753 INFO {ingest} [load_file] Loading file C:\Users\bryni\projects\corteva-code-challenge\src\weather\scripts\input/USC00124008.txt
2023-02-06,14:20:09.950 INFO {ingest} [load_file] Loading file C:\Users\bryni\projects\corteva-code-challenge\src\weather\scripts\input/USC00124181.txt
2023-02-06,14:20:10.386 INFO {ingest} [load_file] Loading file C:\Users\bryni\projects\corteva-code-challenge\src\weather\scripts\input/USC00124837.txt
2023-02-06,14:20:10.990 INFO {ingest} [load_file] Loading file C:\Users\bryni\projects\corteva-code-challenge\src\weather\scripts\input/USC00125237.txt
2023-02-06,14:20:11.472 INFO {ingest} [load_file] Loading file C:\Users\bryni\projects\corteva-code-challenge\src\weather\scripts\input/USC00125337.txt
2023-02-06,14:20:11.893 INFO {ingest} [load_file] Loading file C:\Users\bryni\projects\corteva-code-challenge\src\weather\scripts\input/USC00126001.txt
2023-02-06,14:20:12.506 INFO {ingest} [load_file] Loading file C:\Users\bryni\projects\corteva-code-challenge\src\weather\scripts\input/USC00126580.txt
2023-02-06,14:20:12.916 INFO {ingest} [load_file] Loading file C:\Users\bryni\projects\corteva-code-challenge\src\weather\scripts\input/USC00126705.txt
2023-02-06,14:20:13.409 INFO {ingest} [load_file] Loading file C:\Users\bryni\projects\corteva-code-challenge\src\weather\scripts\input/USC00127125.txt
2023-02-06,14:20:13.909 INFO {ingest} [load_file] Loading file C:\Users\bryni\projects\corteva-code-challenge\src\weather\scripts\input/USC00127298.txt
2023-02-06,14:20:14.342 INFO {ingest} [load_file] Loading file C:\Users\bryni\projects\corteva-code-challenge\src\weather\scripts\input/USC00127482.txt
2023-02-06,14:20:14.772 INFO {ingest} [load_file] Loading file C:\Users\bryni\projects\corteva-code-challenge\src\weather\scripts\input/USC00127522.txt
2023-02-06,14:20:15.195 INFO {ingest} [load_file] Loading file C:\Users\bryni\projects\corteva-code-challenge\src\weather\scripts\input/USC00127646.txt
2023-02-06,14:20:15.809 INFO {ingest} [load_file] Loading file C:\Users\bryni\projects\corteva-code-challenge\src\weather\scripts\input/USC00127755.txt
2023-02-06,14:20:16.177 INFO {ingest} [load_file] Loading file C:\Users\bryni\projects\corteva-code-challenge\src\weather\scripts\input/USC00127875.txt
2023-02-06,14:20:16.514 INFO {ingest} [load_file] Loading file C:\Users\bryni\projects\corteva-code-challenge\src\weather\scripts\input/USC00127935.txt
2023-02-06,14:20:16.955 INFO {ingest} [load_file] Loading file C:\Users\bryni\projects\corteva-code-challenge\src\weather\scripts\input/USC00128036.txt
2023-02-06,14:20:17.432 INFO {ingest} [load_file] Loading file C:\Users\bryni\projects\corteva-code-challenge\src\weather\scripts\input/USC00129080.txt
2023-02-06,14:20:17.777 INFO {ingest} [load_file] Loading file C:\Users\bryni\projects\corteva-code-challenge\src\weather\scripts\input/USC00129113.txt
2023-02-06,14:20:18.195 INFO {ingest} [load_file] Loading file C:\Users\bryni\projects\corteva-code-challenge\src\weather\scripts\input/USC00129253.txt
2023-02-06,14:20:18.638 INFO {ingest} [load_file] Loading file C:\Users\bryni\projects\corteva-code-challenge\src\weather\scripts\input/USC00129511.txt
2023-02-06,14:20:18.933 INFO {ingest} [load_file] Loading file C:\Users\bryni\projects\corteva-code-challenge\src\weather\scripts\input/USC00129557.txt
2023-02-06,14:20:19.393 INFO {ingest} [load_file] Loading file C:\Users\bryni\projects\corteva-code-challenge\src\weather\scripts\input/USC00129670.txt
2023-02-06,14:20:20.017 INFO {ingest} [load_file] Loading file C:\Users\bryni\projects\corteva-code-challenge\src\weather\scripts\input/USC00130112.txt
2023-02-06,14:20:20.448 INFO {ingest} [load_file] Loading file C:\Users\bryni\projects\corteva-code-challenge\src\weather\scripts\input/USC00130133.txt
2023-02-06,14:20:21.038 INFO {ingest} [load_file] Loading file C:\Users\bryni\projects\corteva-code-challenge\src\weather\scripts\input/USC00130600.txt
2023-02-06,14:20:21.549 INFO {ingest} [load_file] Loading file C:\Users\bryni\projects\corteva-code-challenge\src\weather\scripts\input/USC00131402.txt
2023-02-06,14:20:22.080 INFO {ingest} [load_file] Loading file C:\Users\bryni\projects\corteva-code-challenge\src\weather\scripts\input/USC00131533.txt
2023-02-06,14:20:22.834 INFO {ingest} [load_file] Loading file C:\Users\bryni\projects\corteva-code-challenge\src\weather\scripts\input/USC00131635.txt
2023-02-06,14:20:23.251 INFO {ingest} [load_file] Loading file C:\Users\bryni\projects\corteva-code-challenge\src\weather\scripts\input/USC00132724.txt
2023-02-06,14:20:23.718 INFO {ingest} [load_file] Loading file C:\Users\bryni\projects\corteva-code-challenge\src\weather\scripts\input/USC00132789.txt
2023-02-06,14:20:24.127 INFO {ingest} [load_file] Loading file C:\Users\bryni\projects\corteva-code-challenge\src\weather\scripts\input/USC00132864.txt
2023-02-06,14:20:24.772 INFO {ingest} [load_file] Loading file C:\Users\bryni\projects\corteva-code-challenge\src\weather\scripts\input/USC00132977.txt
2023-02-06,14:20:25.388 INFO {ingest} [load_file] Loading file C:\Users\bryni\projects\corteva-code-challenge\src\weather\scripts\input/USC00132999.txt
2023-02-06,14:20:26.055 INFO {ingest} [load_file] Loading file C:\Users\bryni\projects\corteva-code-challenge\src\weather\scripts\input/USC00134063.txt
2023-02-06,14:20:26.424 INFO {ingest} [load_file] Loading file C:\Users\bryni\projects\corteva-code-challenge\src\weather\scripts\input/USC00134142.txt
2023-02-06,14:20:26.796 INFO {ingest} [load_file] Loading file C:\Users\bryni\projects\corteva-code-challenge\src\weather\scripts\input/USC00134735.txt
2023-02-06,14:20:27.268 INFO {ingest} [load_file] Loading file C:\Users\bryni\projects\corteva-code-challenge\src\weather\scripts\input/USC00134894.txt
2023-02-06,14:20:27.667 INFO {ingest} [load_file] Loading file C:\Users\bryni\projects\corteva-code-challenge\src\weather\scripts\input/USC00135769.txt
2023-02-06,14:20:28.199 INFO {ingest} [load_file] Loading file C:\Users\bryni\projects\corteva-code-challenge\src\weather\scripts\input/USC00135796.txt
2023-02-06,14:20:28.610 INFO {ingest} [load_file] Loading file C:\Users\bryni\projects\corteva-code-challenge\src\weather\scripts\input/USC00135952.txt
2023-02-06,14:20:29.076 INFO {ingest} [load_file] Loading file C:\Users\bryni\projects\corteva-code-challenge\src\weather\scripts\input/USC00137147.txt
2023-02-06,14:20:29.489 INFO {ingest} [load_file] Loading file C:\Users\bryni\projects\corteva-code-challenge\src\weather\scripts\input/USC00137161.txt
2023-02-06,14:20:29.887 INFO {ingest} [load_file] Loading file C:\Users\bryni\projects\corteva-code-challenge\src\weather\scripts\input/USC00137979.txt
2023-02-06,14:20:30.311 INFO {ingest} [load_file] Loading file C:\Users\bryni\projects\corteva-code-challenge\src\weather\scripts\input/USC00138296.txt
2023-02-06,14:20:30.896 INFO {ingest} [load_file] Loading file C:\Users\bryni\projects\corteva-code-challenge\src\weather\scripts\input/USC00138688.txt
2023-02-06,14:20:31.293 INFO {ingest} [load_file] Loading file C:\Users\bryni\projects\corteva-code-challenge\src\weather\scripts\input/USC00250070.txt
2023-02-06,14:20:31.646 INFO {ingest} [load_file] Loading file C:\Users\bryni\projects\corteva-code-challenge\src\weather\scripts\input/USC00250130.txt
2023-02-06,14:20:32.080 INFO {ingest} [load_file] Loading file C:\Users\bryni\projects\corteva-code-challenge\src\weather\scripts\input/USC00250375.txt
2023-02-06,14:20:32.667 INFO {ingest} [load_file] Loading file C:\Users\bryni\projects\corteva-code-challenge\src\weather\scripts\input/USC00250420.txt
2023-02-06,14:20:33.160 INFO {ingest} [load_file] Loading file C:\Users\bryni\projects\corteva-code-challenge\src\weather\scripts\input/USC00250435.txt
2023-02-06,14:20:33.717 INFO {ingest} [load_file] Loading file C:\Users\bryni\projects\corteva-code-challenge\src\weather\scripts\input/USC00250622.txt
2023-02-06,14:20:34.237 INFO {ingest} [load_file] Loading file C:\Users\bryni\projects\corteva-code-challenge\src\weather\scripts\input/USC00250640.txt
2023-02-06,14:20:34.715 INFO {ingest} [load_file] Loading file C:\Users\bryni\projects\corteva-code-challenge\src\weather\scripts\input/USC00251145.txt
2023-02-06,14:20:35.215 INFO {ingest} [load_file] Loading file C:\Users\bryni\projects\corteva-code-challenge\src\weather\scripts\input/USC00251200.txt
2023-02-06,14:20:36.120 INFO {ingest} [load_file] Loading file C:\Users\bryni\projects\corteva-code-challenge\src\weather\scripts\input/USC00252020.txt
2023-02-06,14:20:36.590 INFO {ingest} [load_file] Loading file C:\Users\bryni\projects\corteva-code-challenge\src\weather\scripts\input/USC00252100.txt
2023-02-06,14:20:37.233 INFO {ingest} [load_file] Loading file C:\Users\bryni\projects\corteva-code-challenge\src\weather\scripts\input/USC00252205.txt
2023-02-06,14:20:37.739 INFO {ingest} [load_file] Loading file C:\Users\bryni\projects\corteva-code-challenge\src\weather\scripts\input/USC00252820.txt
2023-02-06,14:20:38.240 INFO {ingest} [load_file] Loading file C:\Users\bryni\projects\corteva-code-challenge\src\weather\scripts\input/USC00252840.txt
2023-02-06,14:20:38.752 INFO {ingest} [load_file] Loading file C:\Users\bryni\projects\corteva-code-challenge\src\weather\scripts\input/USC00253035.txt
2023-02-06,14:20:38.914 INFO {ingest} [load_file] Loading file C:\Users\bryni\projects\corteva-code-challenge\src\weather\scripts\input/USC00253175.txt
2023-02-06,14:20:39.835 INFO {ingest} [load_file] Loading file C:\Users\bryni\projects\corteva-code-challenge\src\weather\scripts\input/USC00253185.txt
2023-02-06,14:20:40.380 INFO {ingest} [load_file] Loading file C:\Users\bryni\projects\corteva-code-challenge\src\weather\scripts\input/USC00253365.txt
2023-02-06,14:20:41.099 INFO {ingest} [load_file] Loading file C:\Users\bryni\projects\corteva-code-challenge\src\weather\scripts\input/USC00253615.txt
2023-02-06,14:20:41.636 INFO {ingest} [load_file] Loading file C:\Users\bryni\projects\corteva-code-challenge\src\weather\scripts\input/USC00253630.txt
2023-02-06,14:20:42.476 INFO {ingest} [load_file] Loading file C:\Users\bryni\projects\corteva-code-challenge\src\weather\scripts\input/USC00253660.txt
2023-02-06,14:20:42.876 INFO {ingest} [load_file] Loading file C:\Users\bryni\projects\corteva-code-challenge\src\weather\scripts\input/USC00253715.txt
2023-02-06,14:20:43.167 INFO {ingest} [load_file] Loading file C:\Users\bryni\projects\corteva-code-challenge\src\weather\scripts\input/USC00253735.txt
2023-02-06,14:20:43.593 INFO {ingest} [load_file] Loading file C:\Users\bryni\projects\corteva-code-challenge\src\weather\scripts\input/USC00253910.txt
2023-02-06,14:20:44.050 INFO {ingest} [load_file] Loading file C:\Users\bryni\projects\corteva-code-challenge\src\weather\scripts\input/USC00254110.txt
2023-02-06,14:20:44.633 INFO {ingest} [load_file] Loading file C:\Users\bryni\projects\corteva-code-challenge\src\weather\scripts\input/USC00254440.txt
2023-02-06,14:20:45.272 INFO {ingest} [load_file] Loading file C:\Users\bryni\projects\corteva-code-challenge\src\weather\scripts\input/USC00254900.txt
2023-02-06,14:20:45.979 INFO {ingest} [load_file] Loading file C:\Users\bryni\projects\corteva-code-challenge\src\weather\scripts\input/USC00254985.txt
2023-02-06,14:20:46.372 INFO {ingest} [load_file] Loading file C:\Users\bryni\projects\corteva-code-challenge\src\weather\scripts\input/USC00255080.txt
2023-02-06,14:20:46.843 INFO {ingest} [load_file] Loading file C:\Users\bryni\projects\corteva-code-challenge\src\weather\scripts\input/USC00255310.txt
2023-02-06,14:20:47.459 INFO {ingest} [load_file] Loading file C:\Users\bryni\projects\corteva-code-challenge\src\weather\scripts\input/USC00255470.txt
2023-02-06,14:20:47.896 INFO {ingest} [load_file] Loading file C:\Users\bryni\projects\corteva-code-challenge\src\weather\scripts\input/USC00255565.txt
2023-02-06,14:20:48.363 INFO {ingest} [load_file] Loading file C:\Users\bryni\projects\corteva-code-challenge\src\weather\scripts\input/USC00256040.txt
2023-02-06,14:20:49.158 INFO {ingest} [load_file] Loading file C:\Users\bryni\projects\corteva-code-challenge\src\weather\scripts\input/USC00256135.txt
2023-02-06,14:20:50.023 INFO {ingest} [load_file] Loading file C:\Users\bryni\projects\corteva-code-challenge\src\weather\scripts\input/USC00256570.txt
2023-02-06,14:20:50.432 INFO {ingest} [load_file] Loading file C:\Users\bryni\projects\corteva-code-challenge\src\weather\scripts\input/USC00256970.txt
2023-02-06,14:20:50.888 INFO {ingest} [load_file] Loading file C:\Users\bryni\projects\corteva-code-challenge\src\weather\scripts\input/USC00257070.txt
2023-02-06,14:20:51.293 INFO {ingest} [load_file] Loading file C:\Users\bryni\projects\corteva-code-challenge\src\weather\scripts\input/USC00257515.txt
2023-02-06,14:20:51.669 INFO {ingest} [load_file] Loading file C:\Users\bryni\projects\corteva-code-challenge\src\weather\scripts\input/USC00257715.txt
2023-02-06,14:20:52.310 INFO {ingest} [load_file] Loading file C:\Users\bryni\projects\corteva-code-challenge\src\weather\scripts\input/USC00258133.txt
2023-02-06,14:20:52.675 INFO {ingest} [load_file] Loading file C:\Users\bryni\projects\corteva-code-challenge\src\weather\scripts\input/USC00258395.txt
2023-02-06,14:20:53.147 INFO {ingest} [load_file] Loading file C:\Users\bryni\projects\corteva-code-challenge\src\weather\scripts\input/USC00258465.txt
2023-02-06,14:20:53.593 INFO {ingest} [load_file] Loading file C:\Users\bryni\projects\corteva-code-challenge\src\weather\scripts\input/USC00258480.txt
2023-02-06,14:20:54.015 INFO {ingest} [load_file] Loading file C:\Users\bryni\projects\corteva-code-challenge\src\weather\scripts\input/USC00258915.txt
2023-02-06,14:20:54.452 INFO {ingest} [load_file] Loading file C:\Users\bryni\projects\corteva-code-challenge\src\weather\scripts\input/USC00259090.txt
2023-02-06,14:20:54.823 INFO {ingest} [load_file] Loading file C:\Users\bryni\projects\corteva-code-challenge\src\weather\scripts\input/USC00259510.txt
2023-02-06,14:20:55.182 INFO {ingest} [load_file] Loading file C:\Users\bryni\projects\corteva-code-challenge\src\weather\scripts\input/USC00331072.txt
2023-02-06,14:20:55.728 INFO {ingest} [load_file] Loading file C:\Users\bryni\projects\corteva-code-challenge\src\weather\scripts\input/USC00331152.txt
2023-02-06,14:20:56.154 INFO {ingest} [load_file] Loading file C:\Users\bryni\projects\corteva-code-challenge\src\weather\scripts\input/USC00331541.txt
2023-02-06,14:20:56.575 INFO {ingest} [load_file] Loading file C:\Users\bryni\projects\corteva-code-challenge\src\weather\scripts\input/USC00331592.txt
2023-02-06,14:20:57.068 INFO {ingest} [load_file] Loading file C:\Users\bryni\projects\corteva-code-challenge\src\weather\scripts\input/USC00331890.txt
2023-02-06,14:20:57.569 INFO {ingest} [load_file] Loading file C:\Users\bryni\projects\corteva-code-challenge\src\weather\scripts\input/USC00332098.txt
2023-02-06,14:20:57.972 INFO {ingest} [load_file] Loading file C:\Users\bryni\projects\corteva-code-challenge\src\weather\scripts\input/USC00332119.txt
2023-02-06,14:20:58.214 INFO {ingest} [load_file] Loading file C:\Users\bryni\projects\corteva-code-challenge\src\weather\scripts\input/USC00332791.txt
2023-02-06,14:20:58.624 INFO {ingest} [load_file] Loading file C:\Users\bryni\projects\corteva-code-challenge\src\weather\scripts\input/USC00333375.txt
2023-02-06,14:20:59.045 INFO {ingest} [load_file] Loading file C:\Users\bryni\projects\corteva-code-challenge\src\weather\scripts\input/USC00333758.txt
2023-02-06,14:20:59.509 INFO {ingest} [load_file] Loading file C:\Users\bryni\projects\corteva-code-challenge\src\weather\scripts\input/USC00333780.txt
2023-02-06,14:20:59.923 INFO {ingest} [load_file] Loading file C:\Users\bryni\projects\corteva-code-challenge\src\weather\scripts\input/USC00334189.txt
2023-02-06,14:21:00.313 INFO {ingest} [load_file] Loading file C:\Users\bryni\projects\corteva-code-challenge\src\weather\scripts\input/USC00335041.txt
2023-02-06,14:21:00.845 INFO {ingest} [load_file] Loading file C:\Users\bryni\projects\corteva-code-challenge\src\weather\scripts\input/USC00335297.txt
2023-02-06,14:21:01.196 INFO {ingest} [load_file] Loading file C:\Users\bryni\projects\corteva-code-challenge\src\weather\scripts\input/USC00335315.txt
2023-02-06,14:21:01.547 INFO {ingest} [load_file] Loading file C:\Users\bryni\projects\corteva-code-challenge\src\weather\scripts\input/USC00336118.txt
2023-02-06,14:21:01.989 INFO {ingest} [load_file] Loading file C:\Users\bryni\projects\corteva-code-challenge\src\weather\scripts\input/USC00336196.txt
2023-02-06,14:21:02.498 INFO {ingest} [load_file] Loading file C:\Users\bryni\projects\corteva-code-challenge\src\weather\scripts\input/USC00336600.txt
2023-02-06,14:21:02.917 INFO {ingest} [load_file] Loading file C:\Users\bryni\projects\corteva-code-challenge\src\weather\scripts\input/USC00336781.txt
2023-02-06,14:21:03.285 INFO {ingest} [load_file] Loading file C:\Users\bryni\projects\corteva-code-challenge\src\weather\scripts\input/USC00338313.txt
2023-02-06,14:21:03.655 INFO {ingest} [load_file] Loading file C:\Users\bryni\projects\corteva-code-challenge\src\weather\scripts\input/USC00338534.txt
2023-02-06,14:21:04.062 INFO {ingest} [load_file] Loading file C:\Users\bryni\projects\corteva-code-challenge\src\weather\scripts\input/USC00338552.txt
2023-02-06,14:21:04.448 INFO {ingest} [load_file] Loading file C:\Users\bryni\projects\corteva-code-challenge\src\weather\scripts\input/USC00338769.txt
2023-02-06,14:21:04.870 INFO {ingest} [load_file] Loading file C:\Users\bryni\projects\corteva-code-challenge\src\weather\scripts\input/USC00338822.txt
2023-02-06,14:21:05.272 INFO {ingest} [load_file] Loading file C:\Users\bryni\projects\corteva-code-challenge\src\weather\scripts\input/USC00338830.txt
2023-02-06,14:21:05.849 INFO {ingest} [load_file] Loading file C:\Users\bryni\projects\corteva-code-challenge\src\weather\scripts\input/USC00339312.txt
2023-02-06,14:21:06.305 INFO {ingest} [main] Processed 167 file(s) in 81.125566 second(s)
2023-02-06,14:21:06.305 INFO {ingest} [main] Processing stats
2023-02-06,14:21:10.041 INFO {ingest} [main] Updated stats in 3.736305 second(s)
